<?xml version="1.0" encoding="UTF-8"?>
<!-- Generated by org.testng.reporters.JUnitReportReporter -->
<testsuite hostname="hAckstation" name="firsttestngproject.menutest" tests="2" failures="0" timestamp="8 Jul 2016 11:34:31 GMT" time="41.362" errors="0">
  <testcase name="search" time="38.874" classname="firsttestngproject.menutest"/>
  <testcase name="sidebar_popular" time="2.488" classname="firsttestngproject.menutest"/>
</testsuite> <!-- firsttestngproject.menutest -->
