<?xml version="1.0" encoding="UTF-8"?>
<!-- Generated by org.testng.reporters.JUnitReportReporter -->
<testsuite hostname="hAckstation" name="firsttestngproject.UserAgent" tests="1" failures="0" timestamp="4 Jul 2016 11:07:12 GMT" time="286.261" errors="0">
  <testcase name="checkMenuBarCat" time="286.261" classname="firsttestngproject.UserAgent"/>
</testsuite> <!-- firsttestngproject.UserAgent -->
