<?xml version="1.0" encoding="UTF-8"?>
<!-- Generated by org.testng.reporters.JUnitReportReporter -->
<testsuite hostname="hAckstation" name="firsttestngproject.UserAgent" tests="1" failures="0" timestamp="2 Jul 2016 06:50:31 GMT" time="229.115" errors="0">
  <testcase name="checkMenuBar" time="229.115" classname="firsttestngproject.UserAgent"/>
</testsuite> <!-- firsttestngproject.UserAgent -->
