<?xml version="1.0" encoding="UTF-8"?>
<!-- Generated by org.testng.reporters.JUnitReportReporter -->
<testsuite hostname="hAckstation" name="firsttestngproject.temp" tests="1" failures="0" timestamp="5 Jul 2016 05:28:39 GMT" time="40.977" errors="0">
  <testcase name="sidebar_popular" time="40.977" classname="firsttestngproject.temp"/>
</testsuite> <!-- firsttestngproject.temp -->
