<?xml version="1.0" encoding="UTF-8"?>
<!-- Generated by org.testng.reporters.JUnitReportReporter -->
<testsuite hostname="hAckstation" name="firsttestngproject.test" tests="2" failures="0" timestamp="28 Jun 2016 07:56:42 GMT" time="103.178" errors="0">
  <testcase name="checkmenubar2" time="28.604" classname="firsttestngproject.test"/>
  <testcase name="checkfooter" time="74.574" classname="firsttestngproject.test"/>
</testsuite> <!-- firsttestngproject.test -->
