<?xml version="1.0" encoding="UTF-8"?>
<!-- Generated by org.testng.reporters.JUnitReportReporter -->
<testsuite hostname="hAckstation" name="firsttestngproject.phantom" tests="3" failures="0" timestamp="27 Jun 2016 07:30:40 GMT" time="78.325" errors="0">
  <testcase name="checkTitle" time="0.053" classname="firsttestngproject.phantom"/>
  <testcase name="checkmenubar2" time="47.370" classname="firsttestngproject.phantom"/>
  <testcase name="checkLogIn" time="30.902" classname="firsttestngproject.phantom"/>
</testsuite> <!-- firsttestngproject.phantom -->
