<?xml version="1.0" encoding="UTF-8"?>
<!-- Generated by org.testng.reporters.JUnitReportReporter -->
<testsuite hostname="hAckstation" name="firsttestngproject.menutest" tests="1" failures="0" timestamp="4 Jul 2016 05:14:30 GMT" time="3.116" errors="0">
  <testcase name="checkmenu1" time="3.116" classname="firsttestngproject.menutest"/>
</testsuite> <!-- firsttestngproject.menutest -->
