<?xml version="1.0" encoding="UTF-8"?>
<!-- Generated by org.testng.reporters.JUnitReportReporter -->
<testsuite hostname="hAckstation" name="firsttestngproject.menutest" tests="1" failures="0" timestamp="4 Jul 2016 10:34:11 GMT" time="66.880" errors="0">
  <testcase name="search" time="66.880" classname="firsttestngproject.menutest"/>
</testsuite> <!-- firsttestngproject.menutest -->
