<?xml version="1.0" encoding="UTF-8"?>
<!-- Generated by org.testng.reporters.JUnitReportReporter -->
<testsuite hostname="hAckstation" name="firsttestngproject.temp" tests="1" failures="0" timestamp="5 Jul 2016 10:21:10 GMT" time="45.990" errors="0">
  <testcase name="sidebar_popular" time="45.990" classname="firsttestngproject.temp"/>
</testsuite> <!-- firsttestngproject.temp -->
