<?xml version="1.0" encoding="UTF-8"?>
<!-- Generated by org.testng.reporters.JUnitReportReporter -->
<testsuite hostname="hAckstation" name="firsttestngproject.phantom" tests="2" failures="0" timestamp="1 Jul 2016 06:24:07 GMT" time="11.114" errors="0">
  <testcase name="checkTitle" time="0.060" classname="firsttestngproject.phantom"/>
  <testcase name="checkLogIn" time="11.054" classname="firsttestngproject.phantom"/>
</testsuite> <!-- firsttestngproject.phantom -->
