<?xml version="1.0" encoding="UTF-8"?>
<!-- Generated by org.testng.reporters.JUnitReportReporter -->
<testsuite hostname="hAckstation" name="firsttestngproject.phantom" tests="2" failures="0" timestamp="11 Jul 2016 05:15:58 GMT" time="14.016" errors="0">
  <testcase name="checkTitle" time="0.190" classname="firsttestngproject.phantom"/>
  <testcase name="checkLogIn" time="13.826" classname="firsttestngproject.phantom"/>
</testsuite> <!-- firsttestngproject.phantom -->
