<?xml version="1.0" encoding="UTF-8"?>
<!-- Generated by org.testng.reporters.JUnitReportReporter -->
<testsuite hostname="hAckstation" name="firsttestngproject.phantom" tests="2" failures="0" timestamp="8 Jul 2016 11:32:59 GMT" time="6.223" errors="0">
  <testcase name="checkTitle" time="0.031" classname="firsttestngproject.phantom"/>
  <testcase name="checkLogIn" time="6.192" classname="firsttestngproject.phantom"/>
</testsuite> <!-- firsttestngproject.phantom -->
