<?xml version="1.0" encoding="UTF-8"?>
<!-- Generated by org.testng.reporters.JUnitReportReporter -->
<testsuite hostname="hAckstation" name="firsttestngproject.menutest" tests="1" failures="0" timestamp="4 Jul 2016 12:17:50 GMT" time="42.208" errors="0">
  <testcase name="sidebar_popular" time="42.208" classname="firsttestngproject.menutest"/>
</testsuite> <!-- firsttestngproject.menutest -->
