<?xml version="1.0" encoding="UTF-8"?>
<!-- Generated by org.testng.reporters.JUnitReportReporter -->
<testsuite hostname="hAckstation" name="firsttestngproject.menutest" tests="2" failures="0" timestamp="5 Jul 2016 06:07:05 GMT" time="136.042" errors="0">
  <testcase name="search" time="70.525" classname="firsttestngproject.menutest"/>
  <testcase name="sidebar_popular" time="65.517" classname="firsttestngproject.menutest"/>
</testsuite> <!-- firsttestngproject.menutest -->
