<?xml version="1.0" encoding="UTF-8"?>
<!-- Generated by org.testng.reporters.JUnitReportReporter -->
<testsuite hostname="hAckstation" name="firsttestngproject.test" tests="1" failures="0" timestamp="27 Jun 2016 07:16:11 GMT" time="95.357" errors="0">
  <testcase name="checkmenubar2" time="95.357" classname="firsttestngproject.test"/>
</testsuite> <!-- firsttestngproject.test -->
