<?xml version="1.0" encoding="UTF-8"?>
<!-- Generated by org.testng.reporters.JUnitReportReporter -->
<testsuite hostname="hAckstation" name="firsttestngproject.test" tests="1" failures="0" timestamp="27 Jun 2016 07:57:34 GMT" time="69.861" errors="0">
  <testcase name="checkmenubar2" time="69.861" classname="firsttestngproject.test"/>
</testsuite> <!-- firsttestngproject.test -->
