<?xml version="1.0" encoding="UTF-8"?>
<!-- Generated by org.testng.reporters.JUnitReportReporter -->
<testsuite hostname="hAckstation" name="firsttestngproject.temp" tests="1" failures="0" timestamp="8 Jul 2016 07:06:02 GMT" time="0.054" errors="0">
  <testcase name="testing" time="0.054" classname="firsttestngproject.temp"/>
</testsuite> <!-- firsttestngproject.temp -->
