<?xml version="1.0" encoding="UTF-8"?>
<!-- Generated by org.testng.reporters.JUnitReportReporter -->
<testsuite hostname="hAckstation" name="firsttestngproject.test" tests="3" failures="0" timestamp="8 Jul 2016 11:31:31 GMT" time="579.185" errors="0">
  <testcase name="checkMenuBar2" time="59.395" classname="firsttestngproject.test"/>
  <testcase name="checkfooter" time="95.865" classname="firsttestngproject.test"/>
  <testcase name="checkMenuBar" time="423.925" classname="firsttestngproject.test"/>
</testsuite> <!-- firsttestngproject.test -->
