<?xml version="1.0" encoding="UTF-8"?>
<!-- Generated by org.testng.reporters.JUnitReportReporter -->
<testsuite hostname="hAckstation" name="firsttestngproject.dummy1" tests="1" failures="0" timestamp="11 Jul 2016 05:02:57 GMT" time="0.045" errors="0">
  <testcase name="f" time="0.045" classname="firsttestngproject.dummy1"/>
</testsuite> <!-- firsttestngproject.dummy1 -->
