<?xml version="1.0" encoding="UTF-8"?>
<!-- Generated by org.testng.reporters.JUnitReportReporter -->
<testsuite hostname="hAckstation" name="firsttestngproject.test" tests="2" failures="0" timestamp="27 Jun 2016 12:06:37 GMT" time="173.675" errors="0">
  <testcase name="checkmenubar2" time="29.733" classname="firsttestngproject.test"/>
  <testcase name="checkfooter" time="143.942" classname="firsttestngproject.test"/>
</testsuite> <!-- firsttestngproject.test -->
