<?xml version="1.0" encoding="UTF-8"?>
<!-- Generated by org.testng.reporters.JUnitReportReporter -->
<testsuite hostname="hAckstation" name="firsttestngproject.temp" tests="1" failures="0" timestamp="4 Jul 2016 07:42:47 GMT" time="11.936" errors="0">
  <testcase name="search" time="11.936" classname="firsttestngproject.temp"/>
</testsuite> <!-- firsttestngproject.temp -->
