<?xml version="1.0" encoding="UTF-8"?>
<!-- Generated by org.testng.reporters.JUnitReportReporter -->
<testsuite hostname="hAckstation" name="firsttestngproject.phantom" tests="2" failures="0" timestamp="28 Jun 2016 08:01:44 GMT" time="8.539" errors="0">
  <testcase name="checkTitle" time="0.054" classname="firsttestngproject.phantom"/>
  <testcase name="checkLogIn" time="8.485" classname="firsttestngproject.phantom"/>
</testsuite> <!-- firsttestngproject.phantom -->
