<?xml version="1.0" encoding="UTF-8"?>
<!-- Generated by org.testng.reporters.JUnitReportReporter -->
<testsuite hostname="hAckstation" name="firsttestngproject.phantom" tests="2" failures="0" timestamp="27 Jun 2016 07:55:45 GMT" time="35.782" errors="0">
  <testcase name="checkTitle" time="0.053" classname="firsttestngproject.phantom"/>
  <testcase name="checkLogIn" time="35.729" classname="firsttestngproject.phantom"/>
</testsuite> <!-- firsttestngproject.phantom -->
