<?xml version="1.0" encoding="UTF-8"?>
<!-- Generated by org.testng.reporters.JUnitReportReporter -->
<testsuite hostname="hAckstation" name="firsttestngproject.phantom" tests="2" failures="0" timestamp="25 Jun 2016 08:43:17 GMT" time="39.202" errors="0">
  <testcase name="checkTitle" time="0.025" classname="firsttestngproject.phantom"/>
  <testcase name="checkLogIn" time="39.177" classname="firsttestngproject.phantom"/>
</testsuite> <!-- firsttestngproject.phantom -->
