<?xml version="1.0" encoding="UTF-8"?>
<!-- Generated by org.testng.reporters.JUnitReportReporter -->
<testsuite hostname="hAckstation" name="firsttestngproject.UserAgent" tests="1" failures="0" timestamp="1 Jul 2016 06:12:36 GMT" time="641.415" errors="0">
  <testcase name="checkTitle" time="641.415" classname="firsttestngproject.UserAgent"/>
</testsuite> <!-- firsttestngproject.UserAgent -->
