<?xml version="1.0" encoding="UTF-8"?>
<!-- Generated by org.testng.reporters.JUnitReportReporter -->
<testsuite hostname="hAckstation" name="firsttestngproject.menutest" tests="1" failures="0" timestamp="30 Jun 2016 12:04:26 GMT" time="0.080" errors="0">
  <testcase name="checkmenu1" time="0.080" classname="firsttestngproject.menutest"/>
</testsuite> <!-- firsttestngproject.menutest -->
