<?xml version="1.0" encoding="UTF-8"?>
<!-- Generated by org.testng.reporters.JUnitReportReporter -->
<testsuite hostname="hAckstation" name="firsttestngproject.UserAgent" tests="1" failures="0" timestamp="4 Jul 2016 10:41:04 GMT" time="293.174" errors="0">
  <testcase name="checkMenuBarCat" time="293.174" classname="firsttestngproject.UserAgent"/>
</testsuite> <!-- firsttestngproject.UserAgent -->
