<?xml version="1.0" encoding="UTF-8"?>
<!-- Generated by org.testng.reporters.JUnitReportReporter -->
<testsuite hostname="hAckstation" name="firsttestngproject.Dummy" tests="1" failures="0" timestamp="9 Jul 2016 11:21:44 GMT" time="46.648" errors="0">
  <testcase name="testing" time="46.648" classname="firsttestngproject.Dummy"/>
</testsuite> <!-- firsttestngproject.Dummy -->
