<?xml version="1.0" encoding="UTF-8"?>
<!-- Generated by org.testng.reporters.JUnitReportReporter -->
<testsuite hostname="hAckstation" name="firsttestngproject.phantom" tests="1" failures="0" timestamp="23 Jun 2016 11:09:41 GMT" time="1.624" errors="0">
  <testcase name="checkTitle" time="1.624" classname="firsttestngproject.phantom"/>
</testsuite> <!-- firsttestngproject.phantom -->
