<?xml version="1.0" encoding="UTF-8"?>
<!-- Generated by org.testng.reporters.JUnitReportReporter -->
<testsuite hostname="hAckstation" name="firsttestngproject.TestFile" tests="1" failures="0" timestamp="22 Jun 2016 05:22:24 GMT" time="0.026" errors="0">
  <testcase name="f" time="0.026" classname="firsttestngproject.TestFile"/>
</testsuite> <!-- firsttestngproject.TestFile -->
