<?xml version="1.0" encoding="UTF-8"?>
<!-- Generated by org.testng.reporters.JUnitReportReporter -->
<testsuite hostname="hAckstation" name="firsttestngproject.SecontTestNGFile" tests="2" failures="0" timestamp="14 Jun 2016 05:42:20 GMT" time="0.010" errors="2">
  <testcase name="browserWidth" time="0.007" classname="firsttestngproject.SecontTestNGFile">
    <error type="org.openqa.selenium.WebDriverException" message="Failed to connect to binary FirefoxBinary(/usr/bin/firefox) on port 7055; process output follows: 
Firefox.&quot;,&quot;creator&quot;:&quot;Canonical Ltd.&quot;,&quot;homepageURL&quot;:null},{&quot;locales&quot;:[&quot;sv-SE&quot;],&quot;name&quot;:&quot;Ubuntu Modifications&quot;,&quot;description&quot;:&quot;Ubuntu-paket för Firefox.&quot;,&quot;creator&quot;:&quot;Canonical Ltd.&quot;,&quot;homepageURL&quot;:null},{&quot;locales&quot;:[&quot;uk&quot;],&quot;name&quot;:&quot;Ubuntu Modifications&quot;,&quot;description&quot;:&quot;Убунтівські доповнення до Firefox.&quot;,&quot;creator&quot;:&quot;Canonical Ltd.&quot;,&quot;homepageURL&quot;:null},{&quot;locales&quot;:[&quot;zh-CN&quot;],&quot;name&quot;:&quot;Ubuntu Modifications&quot;,&quot;description&quot;:&quot;Ubuntu 火狐扩展包.&quot;,&quot;creator&quot;:&quot;Canonical Ltd.&quot;,&quot;homepageURL&quot;:null},{&quot;locales&quot;:[&quot;zh-TW&quot;],&quot;name&quot;:&quot;Ubuntu Modifications&quot;,&quot;description&quot;:&quot;Ubuntu Firefox 擴充包。&quot;,&quot;creator&quot;:&quot;Canonical Ltd.&quot;,&quot;homepageURL&quot;:null}],&quot;targetApplications&quot;:[{&quot;id&quot;:&quot;{ec8030f7-c20a-464f-9b0e-13a3a9e97384}&quot;,&quot;minVersion&quot;:&quot;9.0&quot;,&quot;maxVersion&quot;:&quot;37.0a1&quot;}],&quot;targetPlatforms&quot;:[],&quot;multiprocessCompatible&quot;:false,&quot;signedState&quot;:2,&quot;seen&quot;:true}
1465882895800	DeferredSave.extensions.json	DEBUG	Save changes
1465882895800	addons.xpi	DEBUG	Updating database with changes to installed add-ons
1465882895800	addons.xpi-utils	DEBUG	Updating add-on states
1465882895802	addons.xpi-utils	DEBUG	Writing add-ons list
1465882895804	addons.xpi	DEBUG	Registering manifest for /usr/lib/firefox/browser/features/e10srollout@mozilla.org.xpi
1465882895804	addons.xpi	DEBUG	Calling bootstrap method startup on e10srollout@mozilla.org version 1.0
1465882895805	addons.xpi	DEBUG	Registering manifest for /usr/lib/firefox/browser/features/loop@mozilla.org.xpi
1465882895805	addons.xpi	DEBUG	Calling bootstrap method startup on loop@mozilla.org version 1.3.2
1465882895833	addons.xpi	DEBUG	Registering manifest for /usr/lib/firefox/browser/features/firefox@getpocket.com.xpi
1465882895833	addons.xpi	DEBUG	Calling bootstrap method startup on firefox@getpocket.com version 1.0.2
1465882895835	addons.xpi	DEBUG	Registering manifest for /usr/lib/firefox/browser/extensions/langpack-en-GB@firefox.mozilla.org.xpi
1465882895837	addons.xpi	DEBUG	Registering manifest for /usr/lib/firefox/browser/extensions/langpack-en-ZA@firefox.mozilla.org.xpi
1465882895841	addons.manager	DEBUG	Registering shutdown blocker for XPIProvider
1465882895841	addons.manager	DEBUG	Provider finished startup: XPIProvider
1465882895841	addons.manager	DEBUG	Starting provider: LightweightThemeManager
1465882895841	addons.manager	DEBUG	Registering shutdown blocker for LightweightThemeManager
1465882895842	addons.manager	DEBUG	Provider finished startup: LightweightThemeManager
1465882895842	addons.manager	DEBUG	Starting provider: GMPProvider
1465882895851	addons.manager	DEBUG	Registering shutdown blocker for GMPProvider
1465882895851	addons.manager	DEBUG	Provider finished startup: GMPProvider
1465882895851	addons.manager	DEBUG	Starting provider: PluginProvider
1465882895851	addons.manager	DEBUG	Registering shutdown blocker for PluginProvider
1465882895852	addons.manager	DEBUG	Provider finished startup: PluginProvider
1465882895852	addons.manager	DEBUG	Completed startup sequence
1465882897362	addons.manager	DEBUG	Starting provider: &lt;unnamed-provider&gt;
1465882897362	addons.manager	DEBUG	Registering shutdown blocker for &lt;unnamed-provider&gt;
1465882897362	addons.manager	DEBUG	Provider finished startup: &lt;unnamed-provider&gt;
1465882897541	DeferredSave.extensions.json	DEBUG	Write succeeded
1465882897541	addons.xpi-utils	DEBUG	XPI Database saved, setting schema version preference to 17
1465882897541	DeferredSave.extensions.json	DEBUG	Starting timer
1465882897555	addons.repository	DEBUG	No addons.json found.
1465882897555	DeferredSave.addons.json	DEBUG	Save changes
1465882897558	DeferredSave.addons.json	DEBUG	Starting timer
1465882897577	addons.manager	DEBUG	Starting provider: PreviousExperimentProvider
1465882897578	addons.manager	DEBUG	Registering shutdown blocker for PreviousExperimentProvider
1465882897578	addons.manager	DEBUG	Provider finished startup: PreviousExperimentProvider
1465882897585	DeferredSave.extensions.json	DEBUG	Starting write
1465882897606	DeferredSave.extensions.json	DEBUG	Write succeeded
1465882897610	DeferredSave.addons.json	DEBUG	Starting write
1465882897624	DeferredSave.addons.json	DEBUG	Write succeeded

Build info: version: &#039;2.53.0&#039;, revision: &#039;35ae25b&#039;, time: &#039;2016-03-15 16:57:40&#039;
System info: host: &#039;hAckstation&#039;, ip: &#039;127.0.1.1&#039;, os.name: &#039;Linux&#039;, os.arch: &#039;amd64&#039;, os.version: &#039;4.4.0-24-generic&#039;, java.version: &#039;1.8.0_91&#039;
Driver info: driver.version: FirefoxDriver">
      <![CDATA[org.openqa.selenium.WebDriverException: Failed to connect to binary FirefoxBinary(/usr/bin/firefox) on port 7055; process output follows: 
Firefox.","creator":"Canonical Ltd.","homepageURL":null},{"locales":["sv-SE"],"name":"Ubuntu Modifications","description":"Ubuntu-paket för Firefox.","creator":"Canonical Ltd.","homepageURL":null},{"locales":["uk"],"name":"Ubuntu Modifications","description":"Убунтівські доповнення до Firefox.","creator":"Canonical Ltd.","homepageURL":null},{"locales":["zh-CN"],"name":"Ubuntu Modifications","description":"Ubuntu 火狐扩展包.","creator":"Canonical Ltd.","homepageURL":null},{"locales":["zh-TW"],"name":"Ubuntu Modifications","description":"Ubuntu Firefox 擴充包。","creator":"Canonical Ltd.","homepageURL":null}],"targetApplications":[{"id":"{ec8030f7-c20a-464f-9b0e-13a3a9e97384}","minVersion":"9.0","maxVersion":"37.0a1"}],"targetPlatforms":[],"multiprocessCompatible":false,"signedState":2,"seen":true}
1465882895800	DeferredSave.extensions.json	DEBUG	Save changes
1465882895800	addons.xpi	DEBUG	Updating database with changes to installed add-ons
1465882895800	addons.xpi-utils	DEBUG	Updating add-on states
1465882895802	addons.xpi-utils	DEBUG	Writing add-ons list
1465882895804	addons.xpi	DEBUG	Registering manifest for /usr/lib/firefox/browser/features/e10srollout@mozilla.org.xpi
1465882895804	addons.xpi	DEBUG	Calling bootstrap method startup on e10srollout@mozilla.org version 1.0
1465882895805	addons.xpi	DEBUG	Registering manifest for /usr/lib/firefox/browser/features/loop@mozilla.org.xpi
1465882895805	addons.xpi	DEBUG	Calling bootstrap method startup on loop@mozilla.org version 1.3.2
1465882895833	addons.xpi	DEBUG	Registering manifest for /usr/lib/firefox/browser/features/firefox@getpocket.com.xpi
1465882895833	addons.xpi	DEBUG	Calling bootstrap method startup on firefox@getpocket.com version 1.0.2
1465882895835	addons.xpi	DEBUG	Registering manifest for /usr/lib/firefox/browser/extensions/langpack-en-GB@firefox.mozilla.org.xpi
1465882895837	addons.xpi	DEBUG	Registering manifest for /usr/lib/firefox/browser/extensions/langpack-en-ZA@firefox.mozilla.org.xpi
1465882895841	addons.manager	DEBUG	Registering shutdown blocker for XPIProvider
1465882895841	addons.manager	DEBUG	Provider finished startup: XPIProvider
1465882895841	addons.manager	DEBUG	Starting provider: LightweightThemeManager
1465882895841	addons.manager	DEBUG	Registering shutdown blocker for LightweightThemeManager
1465882895842	addons.manager	DEBUG	Provider finished startup: LightweightThemeManager
1465882895842	addons.manager	DEBUG	Starting provider: GMPProvider
1465882895851	addons.manager	DEBUG	Registering shutdown blocker for GMPProvider
1465882895851	addons.manager	DEBUG	Provider finished startup: GMPProvider
1465882895851	addons.manager	DEBUG	Starting provider: PluginProvider
1465882895851	addons.manager	DEBUG	Registering shutdown blocker for PluginProvider
1465882895852	addons.manager	DEBUG	Provider finished startup: PluginProvider
1465882895852	addons.manager	DEBUG	Completed startup sequence
1465882897362	addons.manager	DEBUG	Starting provider: <unnamed-provider>
1465882897362	addons.manager	DEBUG	Registering shutdown blocker for <unnamed-provider>
1465882897362	addons.manager	DEBUG	Provider finished startup: <unnamed-provider>
1465882897541	DeferredSave.extensions.json	DEBUG	Write succeeded
1465882897541	addons.xpi-utils	DEBUG	XPI Database saved, setting schema version preference to 17
1465882897541	DeferredSave.extensions.json	DEBUG	Starting timer
1465882897555	addons.repository	DEBUG	No addons.json found.
1465882897555	DeferredSave.addons.json	DEBUG	Save changes
1465882897558	DeferredSave.addons.json	DEBUG	Starting timer
1465882897577	addons.manager	DEBUG	Starting provider: PreviousExperimentProvider
1465882897578	addons.manager	DEBUG	Registering shutdown blocker for PreviousExperimentProvider
1465882897578	addons.manager	DEBUG	Provider finished startup: PreviousExperimentProvider
1465882897585	DeferredSave.extensions.json	DEBUG	Starting write
1465882897606	DeferredSave.extensions.json	DEBUG	Write succeeded
1465882897610	DeferredSave.addons.json	DEBUG	Starting write
1465882897624	DeferredSave.addons.json	DEBUG	Write succeeded

Build info: version: '2.53.0', revision: '35ae25b', time: '2016-03-15 16:57:40'
System info: host: 'hAckstation', ip: '127.0.1.1', os.name: 'Linux', os.arch: 'amd64', os.version: '4.4.0-24-generic', java.version: '1.8.0_91'
Driver info: driver.version: FirefoxDriver
	at org.openqa.selenium.firefox.internal.NewProfileExtensionConnection.start(NewProfileExtensionConnection.java:124)
	at org.openqa.selenium.firefox.FirefoxDriver.startClient(FirefoxDriver.java:271)
	at org.openqa.selenium.remote.RemoteWebDriver.<init>(RemoteWebDriver.java:119)
	at org.openqa.selenium.firefox.FirefoxDriver.<init>(FirefoxDriver.java:218)
	at org.openqa.selenium.firefox.FirefoxDriver.<init>(FirefoxDriver.java:211)
	at org.openqa.selenium.firefox.FirefoxDriver.<init>(FirefoxDriver.java:207)
	at org.openqa.selenium.firefox.FirefoxDriver.<init>(FirefoxDriver.java:120)
	at firsttestngproject.SecontTestNGFile.setUp(SecontTestNGFile.java:21)
	at sun.reflect.NativeMethodAccessorImpl.invoke0(Native Method)
	at sun.reflect.NativeMethodAccessorImpl.invoke(NativeMethodAccessorImpl.java:62)
	at sun.reflect.DelegatingMethodAccessorImpl.invoke(DelegatingMethodAccessorImpl.java:43)
	at java.lang.reflect.Method.invoke(Method.java:498)
	at org.testng.internal.MethodInvocationHelper.invokeMethod(MethodInvocationHelper.java:86)
	at org.testng.internal.Invoker.invokeConfigurationMethod(Invoker.java:515)
	at org.testng.internal.Invoker.invokeConfigurations(Invoker.java:216)
	at org.testng.internal.Invoker.invokeMethod(Invoker.java:590)
	at org.testng.internal.Invoker.invokeTestMethod(Invoker.java:823)
	at org.testng.internal.Invoker.invokeTestMethods(Invoker.java:1131)
	at org.testng.internal.TestMethodWorker.invokeTestMethods(TestMethodWorker.java:129)
	at org.testng.internal.TestMethodWorker.run(TestMethodWorker.java:112)
	at org.testng.TestRunner.privateRun(TestRunner.java:778)
	at org.testng.TestRunner.run(TestRunner.java:632)
	at org.testng.SuiteRunner.runTest(SuiteRunner.java:366)
	at org.testng.SuiteRunner.runSequentially(SuiteRunner.java:361)
	at org.testng.SuiteRunner.privateRun(SuiteRunner.java:319)
	at org.testng.SuiteRunner.run(SuiteRunner.java:268)
	at org.testng.SuiteRunnerWorker.runSuite(SuiteRunnerWorker.java:52)
	at org.testng.SuiteRunnerWorker.run(SuiteRunnerWorker.java:86)
	at org.testng.TestNG.runSuitesSequentially(TestNG.java:1225)
	at org.testng.TestNG.runSuitesLocally(TestNG.java:1150)
	at org.testng.TestNG.runSuites(TestNG.java:1075)
	at org.testng.TestNG.run(TestNG.java:1047)
	at org.testng.remote.AbstractRemoteTestNG.run(AbstractRemoteTestNG.java:126)
	at org.testng.remote.RemoteTestNG.initAndRun(RemoteTestNG.java:137)
	at org.testng.remote.RemoteTestNG.main(RemoteTestNG.java:58)
Caused by: org.openqa.selenium.firefox.NotConnectedException: Unable to connect to host 127.0.0.1 on port 7055 after 45000 ms. Firefox console output:
Firefox.","creator":"Canonical Ltd.","homepageURL":null},{"locales":["sv-SE"],"name":"Ubuntu Modifications","description":"Ubuntu-paket för Firefox.","creator":"Canonical Ltd.","homepageURL":null},{"locales":["uk"],"name":"Ubuntu Modifications","description":"Убунтівські доповнення до Firefox.","creator":"Canonical Ltd.","homepageURL":null},{"locales":["zh-CN"],"name":"Ubuntu Modifications","description":"Ubuntu 火狐扩展包.","creator":"Canonical Ltd.","homepageURL":null},{"locales":["zh-TW"],"name":"Ubuntu Modifications","description":"Ubuntu Firefox 擴充包。","creator":"Canonical Ltd.","homepageURL":null}],"targetApplications":[{"id":"{ec8030f7-c20a-464f-9b0e-13a3a9e97384}","minVersion":"9.0","maxVersion":"37.0a1"}],"targetPlatforms":[],"multiprocessCompatible":false,"signedState":2,"seen":true}
1465882895800	DeferredSave.extensions.json	DEBUG	Save changes
1465882895800	addons.xpi	DEBUG	Updating database with changes to installed add-ons
1465882895800	addons.xpi-utils	DEBUG	Updating add-on states
1465882895802	addons.xpi-utils	DEBUG	Writing add-ons list
1465882895804	addons.xpi	DEBUG	Registering manifest for /usr/lib/firefox/browser/features/e10srollout@mozilla.org.xpi
1465882895804	addons.xpi	DEBUG	Calling bootstrap method startup on e10srollout@mozilla.org version 1.0
1465882895805	addons.xpi	DEBUG	Registering manifest for /usr/lib/firefox/browser/features/loop@mozilla.org.xpi
1465882895805	addons.xpi	DEBUG	Calling bootstrap method startup on loop@mozilla.org version 1.3.2
1465882895833	addons.xpi	DEBUG	Registering manifest for /usr/lib/firefox/browser/features/firefox@getpocket.com.xpi
1465882895833	addons.xpi	DEBUG	Calling bootstrap method startup on firefox@getpocket.com version 1.0.2
1465882895835	addons.xpi	DEBUG	Registering manifest for /usr/lib/firefox/browser/extensions/langpack-en-GB@firefox.mozilla.org.xpi
1465882895837	addons.xpi	DEBUG	Registering manifest for /usr/lib/firefox/browser/extensions/langpack-en-ZA@firefox.mozilla.org.xpi
1465882895841	addons.manager	DEBUG	Registering shutdown blocker for XPIProvider
1465882895841	addons.manager	DEBUG	Provider finished startup: XPIProvider
1465882895841	addons.manager	DEBUG	Starting provider: LightweightThemeManager
1465882895841	addons.manager	DEBUG	Registering shutdown blocker for LightweightThemeManager
1465882895842	addons.manager	DEBUG	Provider finished startup: LightweightThemeManager
1465882895842	addons.manager	DEBUG	Starting provider: GMPProvider
1465882895851	addons.manager	DEBUG	Registering shutdown blocker for GMPProvider
1465882895851	addons.manager	DEBUG	Provider finished startup: GMPProvider
1465882895851	addons.manager	DEBUG	Starting provider: PluginProvider
1465882895851	addons.manager	DEBUG	Registering shutdown blocker for PluginProvider
1465882895852	addons.manager	DEBUG	Provider finished startup: PluginProvider
1465882895852	addons.manager	DEBUG	Completed startup sequence
1465882897362	addons.manager	DEBUG	Starting provider: <unnamed-provider>
1465882897362	addons.manager	DEBUG	Registering shutdown blocker for <unnamed-provider>
1465882897362	addons.manager	DEBUG	Provider finished startup: <unnamed-provider>
1465882897541	DeferredSave.extensions.json	DEBUG	Write succeeded
1465882897541	addons.xpi-utils	DEBUG	XPI Database saved, setting schema version preference to 17
1465882897541	DeferredSave.extensions.json	DEBUG	Starting timer
1465882897555	addons.repository	DEBUG	No addons.json found.
1465882897555	DeferredSave.addons.json	DEBUG	Save changes
1465882897558	DeferredSave.addons.json	DEBUG	Starting timer
1465882897577	addons.manager	DEBUG	Starting provider: PreviousExperimentProvider
1465882897578	addons.manager	DEBUG	Registering shutdown blocker for PreviousExperimentProvider
1465882897578	addons.manager	DEBUG	Provider finished startup: PreviousExperimentProvider
1465882897585	DeferredSave.extensions.json	DEBUG	Starting write
1465882897606	DeferredSave.extensions.json	DEBUG	Write succeeded
1465882897610	DeferredSave.addons.json	DEBUG	Starting write
1465882897624	DeferredSave.addons.json	DEBUG	Write succeeded

	at org.openqa.selenium.firefox.internal.NewProfileExtensionConnection.start(NewProfileExtensionConnection.java:112)
	... 34 more
]]>
    </error>
  </testcase> <!-- browserWidth -->
  <testcase name="testMytokriLogin" time="0.003" classname="firsttestngproject.SecontTestNGFile">
    <error type="org.openqa.selenium.WebDriverException" message="Failed to connect to binary FirefoxBinary(/usr/bin/firefox) on port 7055; process output follows: 
Firefox.&quot;,&quot;creator&quot;:&quot;Canonical Ltd.&quot;,&quot;homepageURL&quot;:null},{&quot;locales&quot;:[&quot;sv-SE&quot;],&quot;name&quot;:&quot;Ubuntu Modifications&quot;,&quot;description&quot;:&quot;Ubuntu-paket för Firefox.&quot;,&quot;creator&quot;:&quot;Canonical Ltd.&quot;,&quot;homepageURL&quot;:null},{&quot;locales&quot;:[&quot;uk&quot;],&quot;name&quot;:&quot;Ubuntu Modifications&quot;,&quot;description&quot;:&quot;Убунтівські доповнення до Firefox.&quot;,&quot;creator&quot;:&quot;Canonical Ltd.&quot;,&quot;homepageURL&quot;:null},{&quot;locales&quot;:[&quot;zh-CN&quot;],&quot;name&quot;:&quot;Ubuntu Modifications&quot;,&quot;description&quot;:&quot;Ubuntu 火狐扩展包.&quot;,&quot;creator&quot;:&quot;Canonical Ltd.&quot;,&quot;homepageURL&quot;:null},{&quot;locales&quot;:[&quot;zh-TW&quot;],&quot;name&quot;:&quot;Ubuntu Modifications&quot;,&quot;description&quot;:&quot;Ubuntu Firefox 擴充包。&quot;,&quot;creator&quot;:&quot;Canonical Ltd.&quot;,&quot;homepageURL&quot;:null}],&quot;targetApplications&quot;:[{&quot;id&quot;:&quot;{ec8030f7-c20a-464f-9b0e-13a3a9e97384}&quot;,&quot;minVersion&quot;:&quot;9.0&quot;,&quot;maxVersion&quot;:&quot;37.0a1&quot;}],&quot;targetPlatforms&quot;:[],&quot;multiprocessCompatible&quot;:false,&quot;signedState&quot;:2,&quot;seen&quot;:true}
1465882895800	DeferredSave.extensions.json	DEBUG	Save changes
1465882895800	addons.xpi	DEBUG	Updating database with changes to installed add-ons
1465882895800	addons.xpi-utils	DEBUG	Updating add-on states
1465882895802	addons.xpi-utils	DEBUG	Writing add-ons list
1465882895804	addons.xpi	DEBUG	Registering manifest for /usr/lib/firefox/browser/features/e10srollout@mozilla.org.xpi
1465882895804	addons.xpi	DEBUG	Calling bootstrap method startup on e10srollout@mozilla.org version 1.0
1465882895805	addons.xpi	DEBUG	Registering manifest for /usr/lib/firefox/browser/features/loop@mozilla.org.xpi
1465882895805	addons.xpi	DEBUG	Calling bootstrap method startup on loop@mozilla.org version 1.3.2
1465882895833	addons.xpi	DEBUG	Registering manifest for /usr/lib/firefox/browser/features/firefox@getpocket.com.xpi
1465882895833	addons.xpi	DEBUG	Calling bootstrap method startup on firefox@getpocket.com version 1.0.2
1465882895835	addons.xpi	DEBUG	Registering manifest for /usr/lib/firefox/browser/extensions/langpack-en-GB@firefox.mozilla.org.xpi
1465882895837	addons.xpi	DEBUG	Registering manifest for /usr/lib/firefox/browser/extensions/langpack-en-ZA@firefox.mozilla.org.xpi
1465882895841	addons.manager	DEBUG	Registering shutdown blocker for XPIProvider
1465882895841	addons.manager	DEBUG	Provider finished startup: XPIProvider
1465882895841	addons.manager	DEBUG	Starting provider: LightweightThemeManager
1465882895841	addons.manager	DEBUG	Registering shutdown blocker for LightweightThemeManager
1465882895842	addons.manager	DEBUG	Provider finished startup: LightweightThemeManager
1465882895842	addons.manager	DEBUG	Starting provider: GMPProvider
1465882895851	addons.manager	DEBUG	Registering shutdown blocker for GMPProvider
1465882895851	addons.manager	DEBUG	Provider finished startup: GMPProvider
1465882895851	addons.manager	DEBUG	Starting provider: PluginProvider
1465882895851	addons.manager	DEBUG	Registering shutdown blocker for PluginProvider
1465882895852	addons.manager	DEBUG	Provider finished startup: PluginProvider
1465882895852	addons.manager	DEBUG	Completed startup sequence
1465882897362	addons.manager	DEBUG	Starting provider: &lt;unnamed-provider&gt;
1465882897362	addons.manager	DEBUG	Registering shutdown blocker for &lt;unnamed-provider&gt;
1465882897362	addons.manager	DEBUG	Provider finished startup: &lt;unnamed-provider&gt;
1465882897541	DeferredSave.extensions.json	DEBUG	Write succeeded
1465882897541	addons.xpi-utils	DEBUG	XPI Database saved, setting schema version preference to 17
1465882897541	DeferredSave.extensions.json	DEBUG	Starting timer
1465882897555	addons.repository	DEBUG	No addons.json found.
1465882897555	DeferredSave.addons.json	DEBUG	Save changes
1465882897558	DeferredSave.addons.json	DEBUG	Starting timer
1465882897577	addons.manager	DEBUG	Starting provider: PreviousExperimentProvider
1465882897578	addons.manager	DEBUG	Registering shutdown blocker for PreviousExperimentProvider
1465882897578	addons.manager	DEBUG	Provider finished startup: PreviousExperimentProvider
1465882897585	DeferredSave.extensions.json	DEBUG	Starting write
1465882897606	DeferredSave.extensions.json	DEBUG	Write succeeded
1465882897610	DeferredSave.addons.json	DEBUG	Starting write
1465882897624	DeferredSave.addons.json	DEBUG	Write succeeded

Build info: version: &#039;2.53.0&#039;, revision: &#039;35ae25b&#039;, time: &#039;2016-03-15 16:57:40&#039;
System info: host: &#039;hAckstation&#039;, ip: &#039;127.0.1.1&#039;, os.name: &#039;Linux&#039;, os.arch: &#039;amd64&#039;, os.version: &#039;4.4.0-24-generic&#039;, java.version: &#039;1.8.0_91&#039;
Driver info: driver.version: FirefoxDriver">
      <![CDATA[org.openqa.selenium.WebDriverException: Failed to connect to binary FirefoxBinary(/usr/bin/firefox) on port 7055; process output follows: 
Firefox.","creator":"Canonical Ltd.","homepageURL":null},{"locales":["sv-SE"],"name":"Ubuntu Modifications","description":"Ubuntu-paket för Firefox.","creator":"Canonical Ltd.","homepageURL":null},{"locales":["uk"],"name":"Ubuntu Modifications","description":"Убунтівські доповнення до Firefox.","creator":"Canonical Ltd.","homepageURL":null},{"locales":["zh-CN"],"name":"Ubuntu Modifications","description":"Ubuntu 火狐扩展包.","creator":"Canonical Ltd.","homepageURL":null},{"locales":["zh-TW"],"name":"Ubuntu Modifications","description":"Ubuntu Firefox 擴充包。","creator":"Canonical Ltd.","homepageURL":null}],"targetApplications":[{"id":"{ec8030f7-c20a-464f-9b0e-13a3a9e97384}","minVersion":"9.0","maxVersion":"37.0a1"}],"targetPlatforms":[],"multiprocessCompatible":false,"signedState":2,"seen":true}
1465882895800	DeferredSave.extensions.json	DEBUG	Save changes
1465882895800	addons.xpi	DEBUG	Updating database with changes to installed add-ons
1465882895800	addons.xpi-utils	DEBUG	Updating add-on states
1465882895802	addons.xpi-utils	DEBUG	Writing add-ons list
1465882895804	addons.xpi	DEBUG	Registering manifest for /usr/lib/firefox/browser/features/e10srollout@mozilla.org.xpi
1465882895804	addons.xpi	DEBUG	Calling bootstrap method startup on e10srollout@mozilla.org version 1.0
1465882895805	addons.xpi	DEBUG	Registering manifest for /usr/lib/firefox/browser/features/loop@mozilla.org.xpi
1465882895805	addons.xpi	DEBUG	Calling bootstrap method startup on loop@mozilla.org version 1.3.2
1465882895833	addons.xpi	DEBUG	Registering manifest for /usr/lib/firefox/browser/features/firefox@getpocket.com.xpi
1465882895833	addons.xpi	DEBUG	Calling bootstrap method startup on firefox@getpocket.com version 1.0.2
1465882895835	addons.xpi	DEBUG	Registering manifest for /usr/lib/firefox/browser/extensions/langpack-en-GB@firefox.mozilla.org.xpi
1465882895837	addons.xpi	DEBUG	Registering manifest for /usr/lib/firefox/browser/extensions/langpack-en-ZA@firefox.mozilla.org.xpi
1465882895841	addons.manager	DEBUG	Registering shutdown blocker for XPIProvider
1465882895841	addons.manager	DEBUG	Provider finished startup: XPIProvider
1465882895841	addons.manager	DEBUG	Starting provider: LightweightThemeManager
1465882895841	addons.manager	DEBUG	Registering shutdown blocker for LightweightThemeManager
1465882895842	addons.manager	DEBUG	Provider finished startup: LightweightThemeManager
1465882895842	addons.manager	DEBUG	Starting provider: GMPProvider
1465882895851	addons.manager	DEBUG	Registering shutdown blocker for GMPProvider
1465882895851	addons.manager	DEBUG	Provider finished startup: GMPProvider
1465882895851	addons.manager	DEBUG	Starting provider: PluginProvider
1465882895851	addons.manager	DEBUG	Registering shutdown blocker for PluginProvider
1465882895852	addons.manager	DEBUG	Provider finished startup: PluginProvider
1465882895852	addons.manager	DEBUG	Completed startup sequence
1465882897362	addons.manager	DEBUG	Starting provider: <unnamed-provider>
1465882897362	addons.manager	DEBUG	Registering shutdown blocker for <unnamed-provider>
1465882897362	addons.manager	DEBUG	Provider finished startup: <unnamed-provider>
1465882897541	DeferredSave.extensions.json	DEBUG	Write succeeded
1465882897541	addons.xpi-utils	DEBUG	XPI Database saved, setting schema version preference to 17
1465882897541	DeferredSave.extensions.json	DEBUG	Starting timer
1465882897555	addons.repository	DEBUG	No addons.json found.
1465882897555	DeferredSave.addons.json	DEBUG	Save changes
1465882897558	DeferredSave.addons.json	DEBUG	Starting timer
1465882897577	addons.manager	DEBUG	Starting provider: PreviousExperimentProvider
1465882897578	addons.manager	DEBUG	Registering shutdown blocker for PreviousExperimentProvider
1465882897578	addons.manager	DEBUG	Provider finished startup: PreviousExperimentProvider
1465882897585	DeferredSave.extensions.json	DEBUG	Starting write
1465882897606	DeferredSave.extensions.json	DEBUG	Write succeeded
1465882897610	DeferredSave.addons.json	DEBUG	Starting write
1465882897624	DeferredSave.addons.json	DEBUG	Write succeeded

Build info: version: '2.53.0', revision: '35ae25b', time: '2016-03-15 16:57:40'
System info: host: 'hAckstation', ip: '127.0.1.1', os.name: 'Linux', os.arch: 'amd64', os.version: '4.4.0-24-generic', java.version: '1.8.0_91'
Driver info: driver.version: FirefoxDriver
	at org.openqa.selenium.firefox.internal.NewProfileExtensionConnection.start(NewProfileExtensionConnection.java:124)
	at org.openqa.selenium.firefox.FirefoxDriver.startClient(FirefoxDriver.java:271)
	at org.openqa.selenium.remote.RemoteWebDriver.<init>(RemoteWebDriver.java:119)
	at org.openqa.selenium.firefox.FirefoxDriver.<init>(FirefoxDriver.java:218)
	at org.openqa.selenium.firefox.FirefoxDriver.<init>(FirefoxDriver.java:211)
	at org.openqa.selenium.firefox.FirefoxDriver.<init>(FirefoxDriver.java:207)
	at org.openqa.selenium.firefox.FirefoxDriver.<init>(FirefoxDriver.java:120)
	at firsttestngproject.SecontTestNGFile.setUp(SecontTestNGFile.java:21)
	at sun.reflect.NativeMethodAccessorImpl.invoke0(Native Method)
	at sun.reflect.NativeMethodAccessorImpl.invoke(NativeMethodAccessorImpl.java:62)
	at sun.reflect.DelegatingMethodAccessorImpl.invoke(DelegatingMethodAccessorImpl.java:43)
	at java.lang.reflect.Method.invoke(Method.java:498)
	at org.testng.internal.MethodInvocationHelper.invokeMethod(MethodInvocationHelper.java:86)
	at org.testng.internal.Invoker.invokeConfigurationMethod(Invoker.java:515)
	at org.testng.internal.Invoker.invokeConfigurations(Invoker.java:216)
	at org.testng.internal.Invoker.invokeMethod(Invoker.java:590)
	at org.testng.internal.Invoker.invokeTestMethod(Invoker.java:823)
	at org.testng.internal.Invoker.invokeTestMethods(Invoker.java:1131)
	at org.testng.internal.TestMethodWorker.invokeTestMethods(TestMethodWorker.java:129)
	at org.testng.internal.TestMethodWorker.run(TestMethodWorker.java:112)
	at org.testng.TestRunner.privateRun(TestRunner.java:778)
	at org.testng.TestRunner.run(TestRunner.java:632)
	at org.testng.SuiteRunner.runTest(SuiteRunner.java:366)
	at org.testng.SuiteRunner.runSequentially(SuiteRunner.java:361)
	at org.testng.SuiteRunner.privateRun(SuiteRunner.java:319)
	at org.testng.SuiteRunner.run(SuiteRunner.java:268)
	at org.testng.SuiteRunnerWorker.runSuite(SuiteRunnerWorker.java:52)
	at org.testng.SuiteRunnerWorker.run(SuiteRunnerWorker.java:86)
	at org.testng.TestNG.runSuitesSequentially(TestNG.java:1225)
	at org.testng.TestNG.runSuitesLocally(TestNG.java:1150)
	at org.testng.TestNG.runSuites(TestNG.java:1075)
	at org.testng.TestNG.run(TestNG.java:1047)
	at org.testng.remote.AbstractRemoteTestNG.run(AbstractRemoteTestNG.java:126)
	at org.testng.remote.RemoteTestNG.initAndRun(RemoteTestNG.java:137)
	at org.testng.remote.RemoteTestNG.main(RemoteTestNG.java:58)
Caused by: org.openqa.selenium.firefox.NotConnectedException: Unable to connect to host 127.0.0.1 on port 7055 after 45000 ms. Firefox console output:
Firefox.","creator":"Canonical Ltd.","homepageURL":null},{"locales":["sv-SE"],"name":"Ubuntu Modifications","description":"Ubuntu-paket för Firefox.","creator":"Canonical Ltd.","homepageURL":null},{"locales":["uk"],"name":"Ubuntu Modifications","description":"Убунтівські доповнення до Firefox.","creator":"Canonical Ltd.","homepageURL":null},{"locales":["zh-CN"],"name":"Ubuntu Modifications","description":"Ubuntu 火狐扩展包.","creator":"Canonical Ltd.","homepageURL":null},{"locales":["zh-TW"],"name":"Ubuntu Modifications","description":"Ubuntu Firefox 擴充包。","creator":"Canonical Ltd.","homepageURL":null}],"targetApplications":[{"id":"{ec8030f7-c20a-464f-9b0e-13a3a9e97384}","minVersion":"9.0","maxVersion":"37.0a1"}],"targetPlatforms":[],"multiprocessCompatible":false,"signedState":2,"seen":true}
1465882895800	DeferredSave.extensions.json	DEBUG	Save changes
1465882895800	addons.xpi	DEBUG	Updating database with changes to installed add-ons
1465882895800	addons.xpi-utils	DEBUG	Updating add-on states
1465882895802	addons.xpi-utils	DEBUG	Writing add-ons list
1465882895804	addons.xpi	DEBUG	Registering manifest for /usr/lib/firefox/browser/features/e10srollout@mozilla.org.xpi
1465882895804	addons.xpi	DEBUG	Calling bootstrap method startup on e10srollout@mozilla.org version 1.0
1465882895805	addons.xpi	DEBUG	Registering manifest for /usr/lib/firefox/browser/features/loop@mozilla.org.xpi
1465882895805	addons.xpi	DEBUG	Calling bootstrap method startup on loop@mozilla.org version 1.3.2
1465882895833	addons.xpi	DEBUG	Registering manifest for /usr/lib/firefox/browser/features/firefox@getpocket.com.xpi
1465882895833	addons.xpi	DEBUG	Calling bootstrap method startup on firefox@getpocket.com version 1.0.2
1465882895835	addons.xpi	DEBUG	Registering manifest for /usr/lib/firefox/browser/extensions/langpack-en-GB@firefox.mozilla.org.xpi
1465882895837	addons.xpi	DEBUG	Registering manifest for /usr/lib/firefox/browser/extensions/langpack-en-ZA@firefox.mozilla.org.xpi
1465882895841	addons.manager	DEBUG	Registering shutdown blocker for XPIProvider
1465882895841	addons.manager	DEBUG	Provider finished startup: XPIProvider
1465882895841	addons.manager	DEBUG	Starting provider: LightweightThemeManager
1465882895841	addons.manager	DEBUG	Registering shutdown blocker for LightweightThemeManager
1465882895842	addons.manager	DEBUG	Provider finished startup: LightweightThemeManager
1465882895842	addons.manager	DEBUG	Starting provider: GMPProvider
1465882895851	addons.manager	DEBUG	Registering shutdown blocker for GMPProvider
1465882895851	addons.manager	DEBUG	Provider finished startup: GMPProvider
1465882895851	addons.manager	DEBUG	Starting provider: PluginProvider
1465882895851	addons.manager	DEBUG	Registering shutdown blocker for PluginProvider
1465882895852	addons.manager	DEBUG	Provider finished startup: PluginProvider
1465882895852	addons.manager	DEBUG	Completed startup sequence
1465882897362	addons.manager	DEBUG	Starting provider: <unnamed-provider>
1465882897362	addons.manager	DEBUG	Registering shutdown blocker for <unnamed-provider>
1465882897362	addons.manager	DEBUG	Provider finished startup: <unnamed-provider>
1465882897541	DeferredSave.extensions.json	DEBUG	Write succeeded
1465882897541	addons.xpi-utils	DEBUG	XPI Database saved, setting schema version preference to 17
1465882897541	DeferredSave.extensions.json	DEBUG	Starting timer
1465882897555	addons.repository	DEBUG	No addons.json found.
1465882897555	DeferredSave.addons.json	DEBUG	Save changes
1465882897558	DeferredSave.addons.json	DEBUG	Starting timer
1465882897577	addons.manager	DEBUG	Starting provider: PreviousExperimentProvider
1465882897578	addons.manager	DEBUG	Registering shutdown blocker for PreviousExperimentProvider
1465882897578	addons.manager	DEBUG	Provider finished startup: PreviousExperimentProvider
1465882897585	DeferredSave.extensions.json	DEBUG	Starting write
1465882897606	DeferredSave.extensions.json	DEBUG	Write succeeded
1465882897610	DeferredSave.addons.json	DEBUG	Starting write
1465882897624	DeferredSave.addons.json	DEBUG	Write succeeded

	at org.openqa.selenium.firefox.internal.NewProfileExtensionConnection.start(NewProfileExtensionConnection.java:112)
	... 34 more
]]>
    </error>
  </testcase> <!-- testMytokriLogin -->
</testsuite> <!-- firsttestngproject.SecontTestNGFile -->
