<?xml version="1.0" encoding="UTF-8"?>
<!-- Generated by org.testng.reporters.JUnitReportReporter -->
<testsuite hostname="hAckstation" name="firsttestngproject.test" tests="1" failures="0" timestamp="25 Jun 2016 05:50:13 GMT" time="78.169" errors="0">
  <testcase name="f" time="78.169" classname="firsttestngproject.test"/>
</testsuite> <!-- firsttestngproject.test -->
