<?xml version="1.0" encoding="UTF-8"?>
<!-- Generated by org.testng.reporters.JUnitReportReporter -->
<testsuite hostname="hAckstation" name="firsttestngproject.UserAgent" tests="1" failures="0" timestamp="9 Jul 2016 07:21:56 GMT" time="178.311" errors="0">
  <testcase name="checkMenuBarCat" time="178.311" classname="firsttestngproject.UserAgent"/>
</testsuite> <!-- firsttestngproject.UserAgent -->
